<?xml version="1.0" encoding="UTF-8"?>
<!-- Generated by org.testng.reporters.JUnitReportReporter -->
<testsuite hostname="LAPTOP-GC54375N" failures="0" tests="4" name="Logintestjava.Login_orange" time="54.732" errors="0" timestamp="2025-04-28T00:39:37 IST" skipped="0">
  <testcase classname="Logintestjava.Login_orange" name="login" time="15.465"/>
  <testcase classname="Logintestjava.Login_orange" name="addemployee" time="27.264"/>
  <testcase classname="Logintestjava.Login_orange" name="searchemp" time="8.875"/>
  <testcase classname="Logintestjava.Login_orange" name="logout" time="3.128"/>
</testsuite> <!-- Logintestjava.Login_orange -->
